<?xml version="1.0" encoding="UTF-8"?>
<testsuite xmlns:xsi="http://www.w3.org/2001/XMLSchema-instance" xsi:noNamespaceSchemaLocation="https://maven.apache.org/surefire/maven-surefire-plugin/xsd/surefire-test-report.xsd" name="com.timpage.app.HelloWorldTest" time="0.116" tests="1" errors="1" skipped="0" failures="0">
  <properties>
[...]
</properties>
  <testcase name="testBothInOrder" classname="com.timpage.app.HelloWorldTest" time="0.085">
    <error message="Implementation of JAXB-API has not been found on module path or classpath." type="javax.xml.bind.JAXBException">javax.xml.bind.JAXBException: Implementation of JAXB-API has not been found on module path or classpath.
	at com.timpage.app.HelloWorldTest.testBothInOrder(HelloWorldTest.java:142)
Caused by: java.lang.ClassNotFoundException: com.sun.xml.internal.bind.v2.ContextFactory
	at com.timpage.app.HelloWorldTest.testBothInOrder(HelloWorldTest.java:142)
</error>
    <system-err><![CDATA[log4j:WARN No appenders could be found for logger (com.timpage.app.HelloWorldTest).
log4j:WARN Please initialize the log4j system properly.
log4j:WARN See http://logging.apache.org/log4j/1.2/faq.html#noconfig for more info.
]]></system-err>
  </testcase>
</testsuite>